<?xml version="1.0" encoding="UTF-8" ?>
<testsuite tests="1" failures="0" name="LoginTest" time="37.313" errors="1" skipped="0">
  <properties>
    <property name="java.runtime.name" value="Java(TM) SE Runtime Environment"/>
    <property name="sun.boot.library.path" value="C:\Program Files\Java\jdk1.8.0_20\jre\bin"/>
    <property name="java.vm.version" value="25.20-b23"/>
    <property name="java.vm.vendor" value="Oracle Corporation"/>
    <property name="maven.multiModuleProjectDirectory" value="C:\Users\test\workspace\LifeCalendar"/>
    <property name="java.vendor.url" value="http://java.oracle.com/"/>
    <property name="path.separator" value=";"/>
    <property name="guice.disable.misplaced.annotation.check" value="true"/>
    <property name="java.vm.name" value="Java HotSpot(TM) 64-Bit Server VM"/>
    <property name="file.encoding.pkg" value="sun.io"/>
    <property name="user.script" value=""/>
    <property name="user.country" value="CN"/>
    <property name="sun.java.launcher" value="SUN_STANDARD"/>
    <property name="sun.os.patch.level" value=""/>
    <property name="java.vm.specification.name" value="Java Virtual Machine Specification"/>
    <property name="user.dir" value="C:\Users\test\workspace\LifeCalendar"/>
    <property name="java.runtime.version" value="1.8.0_20-b26"/>
    <property name="java.awt.graphicsenv" value="sun.awt.Win32GraphicsEnvironment"/>
    <property name="java.endorsed.dirs" value="C:\Program Files\Java\jdk1.8.0_20\jre\lib\endorsed"/>
    <property name="os.arch" value="amd64"/>
    <property name="java.io.tmpdir" value="C:\Users\test\AppData\Local\Temp\"/>
    <property name="line.separator" value="
"/>
    <property name="java.vm.specification.vendor" value="Oracle Corporation"/>
    <property name="user.variant" value=""/>
    <property name="os.name" value="Windows 7"/>
    <property name="classworlds.conf" value="C:\apache-maven-3.3.9\bin\..\bin\m2.conf"/>
    <property name="sun.jnu.encoding" value="GBK"/>
    <property name="java.library.path" value="C:\Program Files\Java\jdk1.8.0_20\bin;C:\windows\Sun\Java\bin;C:\windows\system32;C:\windows;c:\gtk\bin;C:\ProgramData\Oracle\Java\javapath;C:\windows\system32;C:\windows;C:\windows\System32\Wbem;C:\windows\System32\WindowsPowerShell\v1.0\;C:\Program Files\nodejs\;C:\Program Files\Java\jdk1.8.0_20\bin;C:\Program Files\Java\jdk1.8.0_20\jre\bin;C:\apache-ant-1.9.7\bin;C:\apache-maven-3.3.9\bin;C:\Program Files (x86)\Appium\node_modules\.bin;N:\Jenkins;C:\AndroidSDK\sdk\tools;C:\AndroidSDK\sdk\platform-tools;C:\Program Files\TortoiseSVN\bin;C:\gradle-3.2.1\bin;C:\curl;C:\Android;C:\Windows\System32;C:\Users\test\AppData\Roaming\npm;."/>
    <property name="java.specification.name" value="Java Platform API Specification"/>
    <property name="java.class.version" value="52.0"/>
    <property name="sun.management.compiler" value="HotSpot 64-Bit Tiered Compilers"/>
    <property name="os.version" value="6.1"/>
    <property name="user.home" value="C:\Users\test"/>
    <property name="user.timezone" value="Asia/Shanghai"/>
    <property name="java.awt.printerjob" value="sun.awt.windows.WPrinterJob"/>
    <property name="java.specification.version" value="1.8"/>
    <property name="file.encoding" value="GBK"/>
    <property name="user.name" value="test"/>
    <property name="java.class.path" value="C:\apache-maven-3.3.9\bin\..\boot\plexus-classworlds-2.5.2.jar"/>
    <property name="java.vm.specification.version" value="1.8"/>
    <property name="sun.arch.data.model" value="64"/>
    <property name="java.home" value="C:\Program Files\Java\jdk1.8.0_20\jre"/>
    <property name="sun.java.command" value="org.codehaus.plexus.classworlds.launcher.Launcher test"/>
    <property name="java.specification.vendor" value="Oracle Corporation"/>
    <property name="user.language" value="zh"/>
    <property name="awt.toolkit" value="sun.awt.windows.WToolkit"/>
    <property name="java.vm.info" value="mixed mode"/>
    <property name="java.version" value="1.8.0_20"/>
    <property name="java.ext.dirs" value="C:\Program Files\Java\jdk1.8.0_20\jre\lib\ext;C:\windows\Sun\Java\lib\ext"/>
    <property name="sun.boot.class.path" value="C:\Program Files\Java\jdk1.8.0_20\jre\lib\resources.jar;C:\Program Files\Java\jdk1.8.0_20\jre\lib\rt.jar;C:\Program Files\Java\jdk1.8.0_20\jre\lib\sunrsasign.jar;C:\Program Files\Java\jdk1.8.0_20\jre\lib\jsse.jar;C:\Program Files\Java\jdk1.8.0_20\jre\lib\jce.jar;C:\Program Files\Java\jdk1.8.0_20\jre\lib\charsets.jar;C:\Program Files\Java\jdk1.8.0_20\jre\lib\jfr.jar;C:\Program Files\Java\jdk1.8.0_20\jre\classes"/>
    <property name="sun.stderr.encoding" value="ms936"/>
    <property name="java.vendor" value="Oracle Corporation"/>
    <property name="maven.home" value="C:\apache-maven-3.3.9\bin\.."/>
    <property name="file.separator" value="\"/>
    <property name="java.vendor.url.bug" value="http://bugreport.sun.com/bugreport/"/>
    <property name="sun.cpu.endian" value="little"/>
    <property name="sun.io.unicode.encoding" value="UnicodeLittle"/>
    <property name="sun.stdout.encoding" value="ms936"/>
    <property name="sun.desktop" value="windows"/>
    <property name="sun.cpu.isalist" value="amd64"/>
  </properties>
  <testcase classname="LoginTest" name="testLogin" time="37.313">
    <error message="org/testng/Assert" type="java.lang.NoClassDefFoundError">java.lang.NoClassDefFoundError: org/testng/Assert
	at LoginTest.testLogin(LoginTest.java:30)
	at sun.reflect.NativeMethodAccessorImpl.invoke0(Native Method)
	at sun.reflect.NativeMethodAccessorImpl.invoke(NativeMethodAccessorImpl.java:62)
	at sun.reflect.DelegatingMethodAccessorImpl.invoke(DelegatingMethodAccessorImpl.java:43)
	at java.lang.reflect.Method.invoke(Method.java:483)
	at org.junit.runners.model.FrameworkMethod$1.runReflectiveCall(FrameworkMethod.java:50)
	at org.junit.internal.runners.model.ReflectiveCallable.run(ReflectiveCallable.java:12)
	at org.junit.runners.model.FrameworkMethod.invokeExplosively(FrameworkMethod.java:47)
	at org.junit.internal.runners.statements.InvokeMethod.evaluate(InvokeMethod.java:17)
	at org.junit.runners.ParentRunner.runLeaf(ParentRunner.java:325)
	at org.junit.runners.BlockJUnit4ClassRunner.runChild(BlockJUnit4ClassRunner.java:78)
	at org.junit.runners.BlockJUnit4ClassRunner.runChild(BlockJUnit4ClassRunner.java:57)
	at org.junit.runners.ParentRunner$3.run(ParentRunner.java:290)
	at org.junit.runners.ParentRunner$1.schedule(ParentRunner.java:71)
	at org.junit.runners.ParentRunner.runChildren(ParentRunner.java:288)
	at org.junit.runners.ParentRunner.access$000(ParentRunner.java:58)
	at org.junit.runners.ParentRunner$2.evaluate(ParentRunner.java:268)
	at org.junit.internal.runners.statements.RunBefores.evaluate(RunBefores.java:26)
	at org.junit.internal.runners.statements.RunAfters.evaluate(RunAfters.java:27)
	at org.junit.runners.ParentRunner.run(ParentRunner.java:363)
	at org.apache.maven.surefire.junit4.JUnit4Provider.execute(JUnit4Provider.java:252)
	at org.apache.maven.surefire.junit4.JUnit4Provider.executeTestSet(JUnit4Provider.java:141)
	at org.apache.maven.surefire.junit4.JUnit4Provider.invoke(JUnit4Provider.java:112)
	at sun.reflect.NativeMethodAccessorImpl.invoke0(Native Method)
	at sun.reflect.NativeMethodAccessorImpl.invoke(NativeMethodAccessorImpl.java:62)
	at sun.reflect.DelegatingMethodAccessorImpl.invoke(DelegatingMethodAccessorImpl.java:43)
	at java.lang.reflect.Method.invoke(Method.java:483)
	at org.apache.maven.surefire.util.ReflectionUtils.invokeMethodWithArray(ReflectionUtils.java:189)
	at org.apache.maven.surefire.booter.ProviderFactory$ProviderProxy.invoke(ProviderFactory.java:165)
	at org.apache.maven.surefire.booter.ProviderFactory.invokeProvider(ProviderFactory.java:85)
	at org.apache.maven.surefire.booter.ForkedBooter.runSuitesInProcess(ForkedBooter.java:115)
	at org.apache.maven.surefire.booter.ForkedBooter.main(ForkedBooter.java:75)
Caused by: java.lang.ClassNotFoundException: org.testng.Assert
	at java.net.URLClassLoader$1.run(URLClassLoader.java:372)
	at java.net.URLClassLoader$1.run(URLClassLoader.java:361)
	at java.security.AccessController.doPrivileged(Native Method)
	at java.net.URLClassLoader.findClass(URLClassLoader.java:360)
	at java.lang.ClassLoader.loadClass(ClassLoader.java:424)
	at sun.misc.Launcher$AppClassLoader.loadClass(Launcher.java:308)
	at java.lang.ClassLoader.loadClass(ClassLoader.java:357)
	... 32 more
</error>
    <system-out>2017-05-03 12:36:05,017  INFO [main] (AbstractApplicationContext.java:582) - Refreshing org.springframework.context.annotation.AnnotationConfigApplicationContext@4102b1b1: startup date [Wed May 03 12:36:05 CST 2017]; root of context hierarchy
2017-05-03 12:36:05,354  INFO [main] (AppiumListener.java:94) -  正在查找 By.name: 我的
2017-05-03 12:36:07,790  INFO [main] (AppiumListener.java:99) - 查找控件 By.name: 我的 完成.
2017-05-03 12:36:07,814  INFO [main] (AppiumListener.java:104) - 准备点击控件name: 我的
2017-05-03 12:36:08,464  INFO [main] (AppiumListener.java:109) -  控件点击成功name: 我的
2017-05-03 12:36:08,606  INFO [main] (AppiumListener.java:94) -  正在查找 By.className: android.widget.TextView
2017-05-03 12:36:10,180  INFO [main] (AppiumListener.java:99) - 查找控件 By.className: android.widget.TextView 完成.
2017-05-03 12:36:10,269  INFO [main] (MyScreen.java:39) - 用户未登录
2017-05-03 12:36:10,271  INFO [main] (MyScreen.java:54) - 重置App...
2017-05-03 12:36:18,122  INFO [main] (AppiumListener.java:94) -  正在查找 By.name: 我的
2017-05-03 12:36:22,643  INFO [main] (AppiumListener.java:99) - 查找控件 By.name: 我的 完成.
2017-05-03 12:36:22,667  INFO [main] (AppiumListener.java:104) - 准备点击控件name: 我的
2017-05-03 12:36:23,100  INFO [main] (AppiumListener.java:109) -  控件点击成功name: 我的
2017-05-03 12:36:23,103  INFO [main] (MyScreen.java:69) - 进入登录页面
2017-05-03 12:36:23,150  INFO [main] (AppiumListener.java:94) -  正在查找 Locator map: 
- native content: &quot;By.className: android.widget.ImageView&quot; 
- html content: &quot;by id or name &quot;loginButton&quot;&quot;
2017-05-03 12:36:24,941  INFO [main] (AppiumListener.java:99) - 查找控件 Locator map: 
- native content: &quot;By.className: android.widget.ImageView&quot; 
- html content: &quot;by id or name &quot;loginButton&quot;&quot; 完成.
2017-05-03 12:36:24,972  INFO [main] (AppiumListener.java:104) - 准备点击控件class name: android.widget.ImageView
2017-05-03 12:36:25,627  INFO [main] (AppiumListener.java:109) -  控件点击成功class name: android.widget.ImageView
2017-05-03 12:36:25,694  INFO [main] (AppiumListener.java:94) -  正在查找 Locator map: 
- native content: &quot;By.className: android.widget.EditText&quot; 
- html content: &quot;by id or name &quot;accountEditText&quot;&quot;
2017-05-03 12:36:26,338  INFO [main] (AppiumListener.java:99) - 查找控件 Locator map: 
- native content: &quot;By.className: android.widget.EditText&quot; 
- html content: &quot;by id or name &quot;accountEditText&quot;&quot; 完成.
2017-05-03 12:36:26,432  INFO [main] (AppiumListener.java:94) -  正在查找 Locator map: 
- native content: &quot;By.className: android.widget.EditText&quot; 
- html content: &quot;by id or name &quot;accountEditText&quot;&quot;
2017-05-03 12:36:26,592  INFO [main] (AppiumListener.java:99) - 查找控件 Locator map: 
- native content: &quot;By.className: android.widget.EditText&quot; 
- html content: &quot;by id or name &quot;accountEditText&quot;&quot; 完成.
2017-05-03 12:36:26,619  INFO [main] (AppiumListener.java:120) - 改变控件数值成功class name: android.widget.EditText
2017-05-03 12:36:31,848  INFO [main] (AppiumListener.java:125) - 控件值已改变class name: android.widget.EditText
2017-05-03 12:36:31,889  INFO [main] (AppiumListener.java:94) -  正在查找 Locator map: 
- native content: &quot;By.className: android.widget.EditText&quot; 
- html content: &quot;by id or name &quot;passwordEditText&quot;&quot;
2017-05-03 12:36:32,497  INFO [main] (AppiumListener.java:99) - 查找控件 Locator map: 
- native content: &quot;By.className: android.widget.EditText&quot; 
- html content: &quot;by id or name &quot;passwordEditText&quot;&quot; 完成.
2017-05-03 12:36:32,577  INFO [main] (AppiumListener.java:94) -  正在查找 Locator map: 
- native content: &quot;By.className: android.widget.EditText&quot; 
- html content: &quot;by id or name &quot;passwordEditText&quot;&quot;
2017-05-03 12:36:32,748  INFO [main] (AppiumListener.java:99) - 查找控件 Locator map: 
- native content: &quot;By.className: android.widget.EditText&quot; 
- html content: &quot;by id or name &quot;passwordEditText&quot;&quot; 完成.
2017-05-03 12:36:32,785  INFO [main] (AppiumListener.java:120) - 改变控件数值成功class name: android.widget.EditText
2017-05-03 12:36:37,846  INFO [main] (AppiumListener.java:125) - 控件值已改变class name: android.widget.EditText
2017-05-03 12:36:37,901  INFO [main] (AppiumListener.java:94) -  正在查找 Locator map: 
- native content: &quot;By.className: android.widget.Button&quot; 
- html content: &quot;by id or name &quot;loginButton&quot;&quot;
2017-05-03 12:36:38,456  INFO [main] (AppiumListener.java:99) - 查找控件 Locator map: 
- native content: &quot;By.className: android.widget.Button&quot; 
- html content: &quot;by id or name &quot;loginButton&quot;&quot; 完成.
2017-05-03 12:36:38,556  INFO [main] (AppiumListener.java:94) -  正在查找 Locator map: 
- native content: &quot;By.className: android.widget.Button&quot; 
- html content: &quot;by id or name &quot;loginButton&quot;&quot;
2017-05-03 12:36:38,734  INFO [main] (AppiumListener.java:99) - 查找控件 Locator map: 
- native content: &quot;By.className: android.widget.Button&quot; 
- html content: &quot;by id or name &quot;loginButton&quot;&quot; 完成.
2017-05-03 12:36:39,036  INFO [main] (AppiumListener.java:94) -  正在查找 Locator map: 
- native content: &quot;By.className: android.widget.Button&quot; 
- html content: &quot;by id or name &quot;loginButton&quot;&quot;
2017-05-03 12:36:39,160  INFO [main] (AppiumListener.java:99) - 查找控件 Locator map: 
- native content: &quot;By.className: android.widget.Button&quot; 
- html content: &quot;by id or name &quot;loginButton&quot;&quot; 完成.
2017-05-03 12:36:39,243  INFO [main] (AppiumListener.java:94) -  正在查找 Locator map: 
- native content: &quot;By.className: android.widget.Button&quot; 
- html content: &quot;by id or name &quot;loginButton&quot;&quot;
2017-05-03 12:36:39,306  INFO [main] (AppiumListener.java:99) - 查找控件 Locator map: 
- native content: &quot;By.className: android.widget.Button&quot; 
- html content: &quot;by id or name &quot;loginButton&quot;&quot; 完成.
2017-05-03 12:36:39,332  INFO [main] (AppiumListener.java:104) - 准备点击控件class name: android.widget.Button
2017-05-03 12:36:39,737  INFO [main] (AppiumListener.java:109) -  控件点击成功class name: android.widget.Button
2017-05-03 12:36:39,787  INFO [main] (AppiumListener.java:94) -  正在查找 By.className: android.widget.TextView
2017-05-03 12:36:42,545  INFO [main] (AppiumListener.java:99) - 查找控件 By.className: android.widget.TextView 完成.
</system-out>
  </testcase>
</testsuite>